19:38:58.889 [main] INFO  org.testng.internal.Utils - [TestNG] Running:
  C:\Users\gouda\OneDrive\Desktop\Automation Project\seleniumwebdriver\OpenCartV121\master.xml

19:40:22.122 [main] INFO  testCases.TC001_AccountRegistrationTest - *****  Starting TC001_AccountRegistrationTest *****
19:40:22.446 [main] INFO  testCases.TC001_AccountRegistrationTest - *** Clicking MyAccount...
19:40:22.768 [main] INFO  testCases.TC001_AccountRegistrationTest - *** Clicking Register...
19:40:22.769 [main] INFO  testCases.TC001_AccountRegistrationTest - ***** Providing Customer Details....
19:40:24.250 [main] INFO  testCases.TC001_AccountRegistrationTest - **** Validating Expected Message...****
19:40:24.322 [main] INFO  testCases.TC001_AccountRegistrationTest - ***** Finished TC001_AccountRegistrationTest *****
19:40:27.192 [main] INFO  testCases.TC002_LoginTest - ***** Starting TC002_LoginTest *****
19:40:27.462 [main] INFO  testCases.TC002_LoginTest - *** Clicking MyAccount...
19:40:27.698 [main] INFO  testCases.TC002_LoginTest - *** Clicking Login...
19:40:28.517 [main] INFO  testCases.TC002_LoginTest - "***** Finished TC002_LoginTest *****"
20:10:36.022 [main] INFO  testCases.TC001_AccountRegistrationTest - *****  Starting TC001_AccountRegistrationTest *****
20:10:36.326 [main] INFO  testCases.TC001_AccountRegistrationTest - *** Clicking MyAccount...
20:10:36.706 [main] INFO  testCases.TC001_AccountRegistrationTest - *** Clicking Register...
20:10:36.706 [main] INFO  testCases.TC001_AccountRegistrationTest - ***** Providing Customer Details....
20:10:38.081 [main] INFO  testCases.TC001_AccountRegistrationTest - **** Validating Expected Message...****
20:10:38.126 [main] INFO  testCases.TC001_AccountRegistrationTest - ***** Finished TC001_AccountRegistrationTest *****
20:10:40.918 [main] INFO  testCases.TC002_LoginTest - ***** Starting TC002_LoginTest *****
20:10:41.097 [main] INFO  testCases.TC002_LoginTest - *** Clicking MyAccount...
20:10:41.409 [main] INFO  testCases.TC002_LoginTest - *** Clicking Login...
20:10:42.386 [main] INFO  testCases.TC002_LoginTest - "***** Finished TC002_LoginTest *****"
